TN:
SF:lib/services/api_client.dart
FNF:0
FNH:0
DA:20,1
DA:21,0
DA:24,1
DA:27,1
DA:37,0
DA:41,1
DA:43,2
DA:45,1
DA:51,2
DA:52,3
DA:53,1
DA:54,1
DA:59,1
DA:61,3
DA:62,1
DA:64,1
DA:70,1
DA:72,2
DA:74,0
DA:80,2
DA:81,3
DA:82,1
DA:83,1
DA:86,1
DA:89,1
DA:91,3
DA:92,1
DA:94,1
DA:100,1
DA:102,2
DA:104,0
DA:110,2
DA:111,3
DA:112,1
DA:113,1
DA:116,1
DA:119,1
DA:121,3
DA:122,1
DA:124,1
DA:130,1
DA:132,4
DA:134,4
DA:135,1
DA:136,1
DA:140,1
DA:141,1
DA:142,2
DA:147,1
DA:148,1
DA:149,1
DA:161,2
DA:167,10
LF:53
LH:49
end_of_record
TN:
SF:lib/services/auth_service.dart
FNF:0
FNH:0
DA:23,3
DA:25,3
DA:27,3
DA:29,3
DA:31,3
DA:33,3
DA:35,1
DA:42,1
DA:44,1
DA:46,1
DA:48,1
DA:50,1
DA:52,1
DA:54,1
DA:59,1
DA:60,2
DA:74,3
DA:85,4
DA:88,6
DA:91,1
DA:92,2
DA:93,2
DA:96,4
DA:98,3
DA:101,3
DA:102,1
DA:103,3
DA:104,1
DA:105,3
DA:106,9
DA:108,0
DA:112,3
DA:114,1
DA:115,3
DA:117,3
DA:118,3
DA:119,3
DA:120,3
DA:123,3
DA:124,3
DA:125,7
DA:126,3
DA:127,1
DA:131,2
DA:133,4
DA:137,10
DA:141,0
DA:142,0
DA:143,0
DA:145,0
DA:146,0
DA:147,0
DA:148,0
DA:149,0
DA:151,0
DA:152,0
DA:160,2
DA:163,0
DA:164,0
DA:165,2
DA:175,2
DA:178,2
DA:188,0
DA:191,2
DA:192,0
DA:193,2
DA:194,2
DA:197,2
DA:198,8
DA:201,2
DA:204,2
DA:205,2
DA:211,2
DA:212,2
DA:213,2
DA:214,2
DA:218,4
DA:224,2
DA:227,2
DA:232,0
DA:233,0
DA:234,0
DA:237,0
DA:238,0
DA:241,2
DA:242,2
DA:247,1
DA:248,2
DA:249,1
DA:250,1
DA:251,1
DA:256,2
DA:258,4
DA:264,2
DA:267,4
DA:269,0
DA:273,4
DA:274,2
DA:275,2
DA:276,2
DA:281,4
DA:282,4
DA:283,4
DA:284,2
DA:286,2
DA:288,2
DA:289,2
DA:291,2
DA:292,0
DA:296,1
DA:300,0
DA:301,0
DA:307,0
DA:308,0
DA:309,0
DA:312,0
DA:316,0
DA:317,0
DA:320,2
DA:322,6
DA:324,0
DA:330,1
DA:331,2
DA:335,0
DA:336,0
DA:340,1
DA:341,2
DA:345,0
DA:347,0
DA:349,0
DA:351,0
DA:353,0
DA:355,0
DA:357,0
DA:359,0
LF:135
LH:94
end_of_record
TN:
SF:lib/theme/portal_theme.dart
FNF:0
FNH:0
DA:6,3
DA:8,1
DA:20,1
DA:22,2
DA:24,1
DA:25,1
DA:27,2
DA:30,1
DA:31,2
LF:9
LH:9
end_of_record
