TN:
SF:lib/pages/forgot_password_page.dart
FNF:0
FNH:0
DA:17,1
DA:19,1
DA:20,1
DA:30,1
DA:32,2
DA:33,1
DA:36,1
DA:37,3
DA:39,2
DA:40,1
DA:41,1
DA:44,2
DA:45,3
DA:48,1
DA:50,1
DA:53,2
DA:54,1
DA:55,1
DA:58,2
DA:59,1
DA:60,1
DA:61,1
DA:65,0
DA:67,0
DA:68,0
DA:69,0
DA:74,1
DA:76,1
DA:77,1
DA:78,1
DA:79,1
DA:82,1
DA:84,1
DA:86,3
DA:95,1
DA:96,2
DA:97,1
DA:99,1
DA:100,1
DA:101,1
DA:104,1
DA:106,2
DA:110,1
DA:112,3
DA:114,1
DA:121,1
DA:123,3
DA:124,1
DA:131,1
DA:132,1
DA:143,1
DA:144,0
DA:145,1
DA:146,1
DA:149,1
DA:157,2
DA:159,1
DA:160,1
DA:164,1
DA:167,1
DA:168,2
DA:169,1
DA:172,1
DA:183,1
DA:186,1
DA:187,1
DA:195,1
DA:196,2
DA:197,1
DA:199,1
DA:202,1
DA:204,2
DA:208,1
DA:210,3
DA:212,1
DA:219,1
DA:221,1
DA:222,2
DA:223,1
DA:224,1
DA:225,2
DA:228,1
DA:231,3
DA:232,1
DA:240,1
DA:243,3
DA:244,1
DA:251,1
DA:252,0
DA:253,1
LF:90
LH:84
end_of_record
TN:
SF:lib/pages/reset_password_page.dart
FNF:0
FNH:0
DA:23,1
DA:25,1
DA:26,1
DA:43,1
DA:45,1
DA:46,1
DA:49,1
DA:51,2
DA:52,2
DA:53,2
DA:54,1
DA:58,1
DA:59,5
DA:60,2
DA:61,1
DA:62,1
DA:67,2
DA:70,3
DA:72,1
DA:75,2
DA:76,1
DA:77,1
DA:80,2
DA:81,1
DA:82,1
DA:88,1
DA:90,2
DA:91,1
DA:92,1
DA:98,1
DA:99,3
DA:101,2
DA:102,1
DA:103,1
DA:106,2
DA:107,2
DA:110,1
DA:111,2
DA:115,1
DA:118,2
DA:119,1
DA:120,1
DA:124,1
DA:126,2
DA:127,1
DA:128,1
DA:130,1
DA:134,1
DA:136,2
DA:137,1
DA:138,1
DA:144,1
DA:145,2
DA:146,0
DA:147,0
DA:151,0
DA:152,0
DA:155,0
DA:156,0
DA:157,0
DA:162,1
DA:164,1
DA:165,1
DA:166,1
DA:167,1
DA:170,1
DA:172,1
DA:174,1
DA:183,1
DA:184,1
DA:185,1
DA:186,1
DA:187,1
DA:188,2
DA:189,1
DA:191,1
DA:195,1
DA:196,2
DA:197,1
DA:199,1
DA:201,1
DA:204,1
DA:206,3
DA:207,1
DA:214,1
DA:215,2
DA:216,1
DA:218,1
DA:219,1
DA:220,1
DA:223,1
DA:225,2
DA:229,1
DA:231,3
DA:233,1
DA:240,2
DA:241,1
DA:242,2
DA:243,3
DA:244,1
DA:250,0
DA:253,1
DA:254,1
DA:255,1
DA:260,1
DA:261,1
DA:262,1
DA:266,0
DA:267,0
DA:268,0
DA:273,1
DA:275,1
DA:276,1
DA:277,1
DA:280,2
DA:283,2
DA:289,1
DA:292,1
DA:293,1
DA:294,1
DA:298,1
DA:299,1
DA:300,1
DA:304,0
DA:305,0
DA:306,0
DA:311,1
DA:313,1
DA:314,0
DA:315,1
DA:316,1
DA:319,3
DA:327,1
DA:328,1
DA:330,1
DA:331,2
DA:332,1
DA:333,1
DA:334,2
DA:337,1
DA:339,1
DA:340,1
DA:342,3
DA:347,1
DA:348,1
DA:349,1
DA:355,2
DA:357,1
DA:358,1
DA:362,1
DA:365,1
DA:366,2
DA:367,1
DA:370,1
DA:381,1
DA:384,1
DA:385,1
DA:393,1
DA:394,2
DA:395,1
DA:397,1
DA:398,1
DA:399,1
DA:402,2
DA:405,4
DA:411,1
DA:412,2
DA:413,1
DA:415,1
DA:417,1
DA:419,1
DA:423,1
DA:425,3
DA:427,1
DA:434,1
DA:437,3
DA:438,1
DA:445,1
DA:447,1
DA:448,2
DA:449,1
DA:451,1
DA:452,2
DA:453,3
DA:454,1
DA:462,1
DA:463,0
DA:464,0
DA:465,0
DA:467,1
DA:476,1
DA:477,2
DA:478,1
DA:480,1
DA:482,1
DA:484,2
DA:488,1
DA:490,3
DA:492,1
DA:499,1
DA:500,1
DA:506,1
DA:507,0
DA:508,1
DA:516,1
DA:517,0
LF:206
LH:186
end_of_record
TN:
SF:lib/services/api_client.dart
FNF:0
FNH:0
DA:20,1
DA:21,0
DA:24,1
DA:27,1
DA:37,0
DA:41,1
DA:43,2
DA:45,1
DA:48,2
DA:49,3
DA:50,1
DA:51,1
DA:56,1
DA:58,3
DA:59,2
DA:64,1
DA:66,2
DA:68,0
DA:71,2
DA:72,3
DA:73,1
DA:74,1
DA:77,1
DA:80,1
DA:82,3
DA:83,2
DA:88,1
DA:90,2
DA:92,0
DA:95,2
DA:96,3
DA:97,1
DA:98,1
DA:101,1
DA:104,1
DA:106,3
DA:107,2
DA:112,1
DA:114,4
DA:116,4
DA:117,2
DA:119,1
DA:120,1
DA:121,2
DA:126,1
DA:127,1
DA:128,1
DA:140,2
DA:142,10
LF:49
LH:45
end_of_record
TN:
SF:lib/services/auth_service.dart
FNF:0
FNH:0
DA:23,3
DA:25,3
DA:27,3
DA:29,3
DA:44,0
DA:48,0
DA:68,3
DA:70,3
DA:72,3
DA:74,3
DA:76,3
DA:78,3
DA:80,1
DA:88,1
DA:90,1
DA:92,1
DA:94,1
DA:96,1
DA:98,1
DA:100,1
DA:106,2
DA:108,1
DA:109,2
DA:113,0
DA:129,3
DA:142,4
DA:145,6
DA:148,1
DA:149,2
DA:150,2
DA:153,4
DA:155,3
DA:158,3
DA:159,1
DA:160,3
DA:161,1
DA:162,3
DA:163,9
DA:165,1
DA:169,3
DA:171,1
DA:172,3
DA:175,6
DA:176,3
DA:178,3
DA:179,3
DA:180,3
DA:181,3
DA:184,3
DA:186,3
DA:187,7
DA:188,3
DA:189,1
DA:195,2
DA:197,4
DA:201,10
DA:205,1
DA:206,2
DA:207,2
DA:209,1
DA:210,1
DA:211,1
DA:212,1
DA:213,1
DA:215,1
DA:216,1
DA:217,1
DA:218,1
DA:226,4
DA:227,0
DA:228,2
DA:229,4
DA:247,2
DA:250,2
DA:260,0
DA:263,2
DA:264,0
DA:265,2
DA:266,2
DA:269,0
DA:272,0
DA:275,0
DA:278,0
DA:281,4
DA:282,16
DA:285,2
DA:288,4
DA:289,4
DA:298,2
DA:299,2
DA:300,2
DA:301,2
DA:302,2
DA:303,2
DA:304,2
DA:305,2
DA:309,4
DA:312,2
DA:315,2
DA:320,6
DA:321,0
DA:322,0
DA:323,0
DA:324,0
DA:325,0
DA:330,0
DA:332,0
DA:333,0
DA:334,0
DA:335,0
DA:336,0
DA:337,0
DA:340,0
DA:341,0
DA:342,0
DA:345,0
DA:346,0
DA:349,4
DA:350,2
DA:351,2
DA:357,0
DA:358,0
DA:359,0
DA:360,0
DA:361,0
DA:362,0
DA:363,0
DA:370,0
DA:371,0
DA:372,0
DA:373,0
DA:377,0
DA:378,0
DA:379,0
DA:383,0
DA:386,0
DA:387,0
DA:394,0
DA:395,0
DA:396,0
DA:401,0
DA:402,0
DA:407,0
DA:410,0
DA:411,0
DA:414,0
DA:416,0
DA:421,0
DA:422,0
DA:423,0
DA:426,0
DA:427,0
DA:430,0
DA:431,0
DA:436,0
DA:437,0
DA:438,0
DA:439,0
DA:440,0
DA:447,0
DA:448,0
DA:450,0
DA:454,0
DA:456,0
DA:457,0
DA:458,0
DA:459,0
DA:464,0
DA:466,0
DA:467,0
DA:468,0
DA:469,0
DA:470,0
DA:471,0
DA:473,0
DA:475,0
DA:476,0
DA:479,0
DA:480,0
DA:484,0
DA:485,0
DA:493,0
DA:494,0
DA:496,0
DA:499,0
DA:500,0
DA:501,0
DA:504,0
DA:506,0
DA:507,0
DA:508,0
DA:509,0
DA:512,0
DA:515,0
DA:517,0
DA:519,0
DA:520,0
DA:521,0
DA:522,0
DA:523,0
DA:525,0
DA:526,0
DA:527,0
DA:528,0
DA:531,0
DA:532,0
DA:533,0
DA:534,0
DA:535,0
DA:540,0
DA:541,0
DA:542,0
DA:543,0
DA:544,0
DA:548,1
DA:549,2
DA:550,1
DA:551,1
DA:552,1
DA:553,1
DA:554,1
DA:555,1
DA:556,1
DA:561,2
DA:563,4
DA:569,2
DA:572,4
DA:574,0
DA:578,4
DA:579,2
DA:580,2
DA:581,2
DA:586,4
DA:587,4
DA:588,4
DA:589,2
DA:591,2
DA:593,2
DA:594,2
DA:596,2
DA:597,0
DA:601,1
DA:605,0
DA:606,0
DA:612,0
DA:613,0
DA:614,0
DA:617,0
DA:621,0
DA:622,0
DA:625,2
DA:627,6
DA:629,0
DA:635,1
DA:636,2
DA:640,0
DA:641,0
DA:645,1
DA:646,2
DA:659,0
DA:660,0
DA:661,0
DA:662,0
DA:665,0
DA:666,0
DA:667,0
DA:668,0
DA:671,0
DA:673,0
DA:674,0
DA:676,0
DA:678,0
DA:679,0
DA:680,0
DA:682,0
DA:685,0
DA:686,0
DA:687,0
DA:688,0
DA:692,0
DA:693,0
DA:694,0
DA:695,0
DA:704,0
DA:706,0
DA:708,0
DA:709,0
DA:710,0
DA:711,0
DA:714,0
DA:715,0
DA:716,0
DA:727,0
DA:728,0
DA:729,0
DA:730,0
DA:733,0
DA:735,0
DA:736,0
DA:738,0
DA:739,0
DA:740,0
DA:741,0
DA:742,0
DA:745,0
DA:746,0
DA:747,0
DA:748,0
DA:754,0
DA:756,0
DA:758,0
DA:760,0
DA:762,0
DA:764,0
DA:772,0
DA:774,0
DA:776,0
DA:778,0
DA:780,0
DA:782,0
DA:784,0
DA:786,0
LF:322
LH:125
end_of_record
TN:
SF:lib/theme/portal_theme.dart
FNF:0
FNH:0
DA:6,3
DA:8,1
DA:20,1
DA:22,2
DA:24,1
DA:25,1
DA:27,2
DA:30,1
DA:31,2
LF:9
LH:9
end_of_record
TN:
SF:lib/widgets/error_message.dart
FNF:0
FNH:0
DA:28,2
DA:35,2
DA:37,2
DA:38,2
DA:39,10
DA:41,2
DA:43,2
DA:44,2
DA:45,2
DA:48,1
DA:49,2
DA:53,2
DA:54,2
DA:55,2
DA:56,2
DA:58,2
DA:62,2
DA:63,2
DA:64,2
DA:65,4
DA:68,2
DA:69,2
DA:70,2
DA:75,1
DA:76,1
DA:78,1
DA:79,1
DA:80,1
DA:81,1
DA:83,1
DA:87,1
DA:88,1
DA:89,1
DA:90,2
DA:96,1
DA:98,1
DA:99,1
DA:100,1
DA:101,1
DA:108,2
DA:109,2
DA:111,2
DA:112,2
DA:115,2
DA:117,0
DA:118,0
DA:119,0
DA:132,2
DA:133,6
DA:134,2
DA:136,2
DA:137,2
DA:140,4
DA:149,0
DA:150,0
DA:151,0
DA:152,0
DA:155,0
DA:157,0
DA:164,0
DA:165,0
DA:166,0
DA:167,0
DA:173,0
DA:174,0
DA:175,0
DA:176,0
DA:179,0
DA:182,0
DA:183,0
DA:185,0
DA:186,0
DA:187,0
DA:188,0
DA:189,0
DA:197,0
DA:198,0
DA:199,0
DA:200,0
LF:79
LH:50
end_of_record
