TN:
SF:lib/services/api_client.dart
FNF:0
FNH:0
DA:20,1
DA:21,0
DA:24,1
DA:27,1
DA:41,1
DA:43,2
DA:45,1
DA:51,2
DA:52,3
DA:53,1
DA:54,1
DA:59,1
DA:61,3
DA:62,1
DA:64,1
DA:70,1
DA:72,2
DA:74,0
DA:80,2
DA:81,3
DA:82,1
DA:83,1
DA:86,1
DA:89,1
DA:91,3
DA:92,1
DA:94,1
DA:100,1
DA:102,2
DA:104,0
DA:110,2
DA:111,3
DA:112,1
DA:113,1
DA:116,1
DA:119,1
DA:121,3
DA:122,1
DA:124,1
DA:130,1
DA:132,4
DA:134,4
DA:135,1
DA:136,1
DA:140,1
DA:141,1
DA:142,2
DA:147,1
DA:148,1
DA:149,1
DA:161,2
DA:167,10
LF:52
LH:49
end_of_record
TN:
SF:lib/services/auth_service.dart
FNF:0
FNH:0
DA:23,3
DA:25,3
DA:27,3
DA:29,3
DA:31,3
DA:33,3
DA:35,1
DA:42,1
DA:44,1
DA:46,1
DA:48,1
DA:50,1
DA:52,1
DA:54,1
DA:59,1
DA:60,2
DA:72,3
DA:81,3
DA:82,3
DA:83,3
DA:84,3
DA:85,3
DA:86,6
DA:87,3
DA:88,3
DA:89,7
DA:90,3
DA:91,1
DA:95,2
DA:97,4
DA:101,10
DA:108,2
DA:111,0
DA:112,0
DA:113,2
DA:123,2
DA:126,2
DA:139,2
DA:140,0
DA:141,2
DA:142,2
DA:145,2
DA:146,8
DA:149,2
DA:152,2
DA:153,2
DA:159,2
DA:160,2
DA:161,2
DA:162,2
DA:166,4
DA:172,2
DA:175,2
DA:180,0
DA:181,0
DA:182,0
DA:185,0
DA:186,0
DA:189,2
DA:190,2
DA:195,1
DA:196,2
DA:197,1
DA:198,1
DA:199,1
DA:203,2
DA:205,4
DA:211,2
DA:214,4
DA:215,6
DA:216,2
DA:217,2
DA:222,4
DA:223,4
DA:224,4
DA:225,2
DA:227,2
DA:229,2
DA:230,2
DA:233,1
DA:237,0
DA:238,0
DA:244,2
DA:246,6
DA:248,0
DA:254,1
DA:255,3
DA:259,1
DA:260,2
DA:264,0
DA:266,0
DA:268,0
DA:270,0
DA:272,0
DA:274,0
DA:276,0
DA:278,0
LF:97
LH:78
end_of_record
TN:
SF:lib/theme/portal_theme.dart
FNF:0
FNH:0
DA:6,3
DA:8,1
DA:20,1
DA:22,2
DA:24,1
DA:25,1
DA:27,2
DA:30,1
DA:31,2
LF:9
LH:9
end_of_record
