<?xml version="1.0" encoding="UTF-8"?>
<!--
  Jenkins Test Results - JUnit XML Format
  Generated: 2025-10-25T17:30:00Z
  Build: #0 (No tests run yet)
  Status: All requirements currently untested
-->
<testsuites name="Clinical Trial Diary Database Tests" tests="0" failures="0" errors="0" skipped="0" time="0.000">
  <testsuite name="Placeholder" tests="0" failures="0" errors="0" skipped="0" time="0.000" timestamp="2025-10-25T17:30:00Z">
    <!--
      This is a placeholder file.
      No tests have been implemented yet.

      When tests are added, this file will contain actual test results.

      Expected test suites:
      - DatabaseTests: Database schema, isolation, audit trail tests
      - SecurityTests: Authentication, RBAC, RLS tests
      - ConfigurationTests: Sponsor configuration, environment tests
      - IntegrationTests: End-to-end workflow tests
      - ComplianceTests: FDA 21 CFR Part 11, ALCOA+ validation tests
    -->
  </testsuite>
</testsuites>
